CRITICAL - 2022-06-25 00:03:47 --> substr(): Passing null to parameter #1 ($string) of type string is deprecated
in APPPATH\Views\artikel\admin_index.php on line 23.
 1 [internal function]: CodeIgniter\Debug\Exceptions->errorHandler(8192, 'substr(): Passing null to parameter #1 ($string) of type string is deprecated', 'APPPATH\\Views\\artikel\\admin_index.php', 23)
 2 APPPATH\Views\artikel\admin_index.php(23): substr(null, 0, 50)
 3 SYSTEMPATH\View\View.php(213): include('APPPATH\\Views\\artikel\\admin_index.php')
 4 SYSTEMPATH\View\View.php(216): CodeIgniter\View\View->CodeIgniter\View\{closure}()
 5 SYSTEMPATH\Common.php(1135): CodeIgniter\View\View->render('artikel/admin_index', [], true)
 6 APPPATH\Controllers\Artikel.php(39): view('artikel/admin_index', [...])
 7 SYSTEMPATH\CodeIgniter.php(898): App\Controllers\Artikel->admin_index()
 8 SYSTEMPATH\CodeIgniter.php(468): CodeIgniter\CodeIgniter->runController(Object(App\Controllers\Artikel))
 9 SYSTEMPATH\CodeIgniter.php(351): CodeIgniter\CodeIgniter->handleRequest(null, Object(Config\Cache), false)
10 FCPATH\index.php(55): CodeIgniter\CodeIgniter->run()
11 SYSTEMPATH\Commands\Server\rewrite.php(43): require_once('FCPATH\\index.php')
CRITICAL - 2022-06-25 00:05:52 --> Undefined variable $q
in APPPATH\Views\artikel\admin_index.php on line 4.
 1 APPPATH\Views\artikel\admin_index.php(4): CodeIgniter\Debug\Exceptions->errorHandler(2, 'Undefined variable $q', 'APPPATH\\Views\\artikel\\admin_index.php', 4)
 2 SYSTEMPATH\View\View.php(213): include('APPPATH\\Views\\artikel\\admin_index.php')
 3 SYSTEMPATH\View\View.php(216): CodeIgniter\View\View->CodeIgniter\View\{closure}()
 4 SYSTEMPATH\Common.php(1135): CodeIgniter\View\View->render('artikel/admin_index', [], true)
 5 APPPATH\Controllers\Artikel.php(33): view('artikel/admin_index', [...])
 6 SYSTEMPATH\CodeIgniter.php(898): App\Controllers\Artikel->admin_index()
 7 SYSTEMPATH\CodeIgniter.php(468): CodeIgniter\CodeIgniter->runController(Object(App\Controllers\Artikel))
 8 SYSTEMPATH\CodeIgniter.php(351): CodeIgniter\CodeIgniter->handleRequest(null, Object(Config\Cache), false)
 9 FCPATH\index.php(55): CodeIgniter\CodeIgniter->run()
10 SYSTEMPATH\Commands\Server\rewrite.php(43): require_once('FCPATH\\index.php')
CRITICAL - 2022-06-25 00:13:43 --> substr(): Passing null to parameter #1 ($string) of type string is deprecated
in APPPATH\Views\artikel\admin_index.php on line 21.
 1 [internal function]: CodeIgniter\Debug\Exceptions->errorHandler(8192, 'substr(): Passing null to parameter #1 ($string) of type string is deprecated', 'APPPATH\\Views\\artikel\\admin_index.php', 21)
 2 APPPATH\Views\artikel\admin_index.php(21): substr(null, 0, 50)
 3 SYSTEMPATH\View\View.php(213): include('APPPATH\\Views\\artikel\\admin_index.php')
 4 SYSTEMPATH\View\View.php(216): CodeIgniter\View\View->CodeIgniter\View\{closure}()
 5 SYSTEMPATH\Common.php(1135): CodeIgniter\View\View->render('artikel/admin_index', [], true)
 6 APPPATH\Controllers\Artikel.php(39): view('artikel/admin_index', [...])
 7 SYSTEMPATH\CodeIgniter.php(898): App\Controllers\Artikel->admin_index()
 8 SYSTEMPATH\CodeIgniter.php(468): CodeIgniter\CodeIgniter->runController(Object(App\Controllers\Artikel))
 9 SYSTEMPATH\CodeIgniter.php(351): CodeIgniter\CodeIgniter->handleRequest(null, Object(Config\Cache), false)
10 FCPATH\index.php(55): CodeIgniter\CodeIgniter->run()
11 SYSTEMPATH\Commands\Server\rewrite.php(43): require_once('FCPATH\\index.php')
CRITICAL - 2022-06-25 00:52:38 --> substr(): Passing null to parameter #1 ($string) of type string is deprecated
in APPPATH\Views\artikel\admin_index.php on line 23.
 1 [internal function]: CodeIgniter\Debug\Exceptions->errorHandler(8192, 'substr(): Passing null to parameter #1 ($string) of type string is deprecated', 'APPPATH\\Views\\artikel\\admin_index.php', 23)
 2 APPPATH\Views\artikel\admin_index.php(23): substr(null, 0, 50)
 3 SYSTEMPATH\View\View.php(213): include('APPPATH\\Views\\artikel\\admin_index.php')
 4 SYSTEMPATH\View\View.php(216): CodeIgniter\View\View->CodeIgniter\View\{closure}()
 5 SYSTEMPATH\Common.php(1135): CodeIgniter\View\View->render('artikel/admin_index', [], true)
 6 APPPATH\Controllers\Artikel.php(39): view('artikel/admin_index', [...])
 7 SYSTEMPATH\CodeIgniter.php(898): App\Controllers\Artikel->admin_index()
 8 SYSTEMPATH\CodeIgniter.php(468): CodeIgniter\CodeIgniter->runController(Object(App\Controllers\Artikel))
 9 SYSTEMPATH\CodeIgniter.php(351): CodeIgniter\CodeIgniter->handleRequest(null, Object(Config\Cache), false)
10 FCPATH\index.php(55): CodeIgniter\CodeIgniter->run()
11 SYSTEMPATH\Commands\Server\rewrite.php(43): require_once('FCPATH\\index.php')
CRITICAL - 2022-06-25 01:12:15 --> Call to a member function move() on null
in APPPATH\Controllers\Artikel.php on line 51.
 1 SYSTEMPATH\CodeIgniter.php(898): App\Controllers\Artikel->add()
 2 SYSTEMPATH\CodeIgniter.php(468): CodeIgniter\CodeIgniter->runController(Object(App\Controllers\Artikel))
 3 SYSTEMPATH\CodeIgniter.php(351): CodeIgniter\CodeIgniter->handleRequest(null, Object(Config\Cache), false)
 4 FCPATH\index.php(55): CodeIgniter\CodeIgniter->run()
 5 SYSTEMPATH\Commands\Server\rewrite.php(43): require_once('FCPATH\\index.php')
